
Oct 23, 2021 14:47:28.556 NEW SESSION
Oct 23, 2021 14:47:28.578 [9528:15196:1023/144728.329:ERROR:chrome_browser_main_extra_parts_metrics.cc(230)] crbug.com/1216328: Checking Bluetooth availability started. Please report if there is no report that this ends.
Oct 23, 2021 14:47:28.579 [9528:15196:1023/144728.329:ERROR:chrome_browser_main_extra_parts_metrics.cc(233)] crbug.com/1216328: Checking Bluetooth availability ended.
Oct 23, 2021 14:47:28.579 [9528:15196:1023/144728.329:ERROR:chrome_browser_main_extra_parts_metrics.cc(236)] crbug.com/1216328: Checking default browser status started. Please report if there is no report that this ends.
Oct 23, 2021 14:47:28.579 [9528:3912:1023/144728.332:ERROR:device_event_log_impl.cc(214)] [14:47:28.332] USB: usb_device_handle_win.cc:1048 Failed to read descriptor from node connection: A device attached to the system is not functioning. (0x1F)
Oct 23, 2021 14:47:28.584 [9528:15196:1023/144728.345:ERROR:chrome_browser_main_extra_parts_metrics.cc(240)] crbug.com/1216328: Checking default browser status ended.
Oct 23, 2021 14:47:28.690 [9528:14436:1023/144728.690:ERROR:connection_factory_impl.cc(429)] Failed to connect to MCS endpoint with error -105
Oct 23, 2021 14:47:49.770 [9528:14436:1023/144749.770:ERROR:connection_factory_impl.cc(429)] Failed to connect to MCS endpoint with error -105
Oct 23, 2021 14:48:32.517 [9528:14436:1023/144832.516:ERROR:connection_factory_impl.cc(429)] Failed to connect to MCS endpoint with error -105

Nov 01, 2021 19:40:14.34 NEW SESSION
Nov 01, 2021 19:40:14.34 [752:17160:1101/194013.864:ERROR:token_service_table.cc(139)] Failed to decrypt token for service AccountId-0003000019BB576C
Nov 01, 2021 19:40:14.133 [752:17160:1101/194013.864:ERROR:database.cc(1787)] Web SQLite error: code 1 errno 0: no such column: creator_unique_id sql: SELECT guid, creator_unique_id, device_model, created_date, creation_source FROM autofill_profile_edge_extended WHERE guid=? LIMIT 1
Nov 01, 2021 19:40:14.134 [752:17160:1101/194013.864:ERROR:database.cc(1787)] Web SQLite error: code 1 errno 0: no such column: creator_unique_id sql: SELECT guid, creator_unique_id, device_model, created_date, creation_source FROM autofill_profile_edge_extended WHERE guid=? LIMIT 1
Nov 01, 2021 19:40:14.134 [752:17160:1101/194013.865:ERROR:database.cc(1787)] Web SQLite error: code 1 errno 0: no such column: creator_unique_id sql: SELECT guid, creator_unique_id, device_model, created_date, creation_source FROM autofill_profile_edge_extended WHERE guid=? LIMIT 1
Nov 01, 2021 19:40:14.135 [752:17160:1101/194013.865:ERROR:database.cc(1787)] Web SQLite error: code 1 errno 0: no such column: creator_unique_id sql: SELECT guid, creator_unique_id, device_model, created_date, creation_source FROM autofill_profile_edge_extended WHERE guid=? LIMIT 1
Nov 01, 2021 19:40:14.135 [752:17160:1101/194013.865:ERROR:database.cc(1787)] Web SQLite error: code 1 errno 0: no such column: creator_unique_id sql: SELECT guid, creator_unique_id, device_model, created_date, creation_source FROM autofill_profile_edge_extended WHERE guid=? LIMIT 1
Nov 01, 2021 19:40:14.136 [752:17160:1101/194013.865:ERROR:database.cc(1787)] Web SQLite error: code 1 errno 0: no such column: creator_unique_id sql: SELECT guid, creator_unique_id, device_model, created_date, creation_source FROM autofill_profile_edge_extended WHERE guid=? LIMIT 1
Nov 01, 2021 19:40:14.136 [752:17160:1101/194013.865:ERROR:database.cc(1787)] Web SQLite error: code 1 errno 0: no such column: creator_unique_id sql: SELECT guid, creator_unique_id, device_model, created_date, creation_source FROM autofill_profile_edge_extended WHERE guid=? LIMIT 1
Nov 01, 2021 19:40:14.136 [752:17160:1101/194013.865:ERROR:database.cc(1787)] Web SQLite error: code 1 errno 0: no such column: creator_unique_id sql: SELECT guid, creator_unique_id, device_model, created_date, creation_source FROM autofill_profile_edge_extended WHERE guid=? LIMIT 1
Nov 01, 2021 19:40:14.137 [752:17160:1101/194013.865:ERROR:database.cc(1787)] Web SQLite error: code 1 errno 0: no such column: creator_unique_id sql: SELECT guid, creator_unique_id, device_model, created_date, creation_source FROM autofill_profile_edge_extended WHERE guid=? LIMIT 1
Nov 01, 2021 19:40:14.137 [752:17160:1101/194013.865:ERROR:database.cc(1787)] Web SQLite error: code 1 errno 0: no such column: creator_unique_id sql: SELECT guid, creator_unique_id, device_model, created_date, creation_source FROM autofill_profile_edge_extended WHERE guid=? LIMIT 1
Nov 01, 2021 19:40:14.137 [752:17160:1101/194013.865:ERROR:database.cc(1787)] Web SQLite error: code 1 errno 0: no such column: creator_unique_id sql: SELECT guid, creator_unique_id, device_model, created_date, creation_source FROM autofill_profile_edge_extended WHERE guid=? LIMIT 1
Nov 01, 2021 19:40:14.137 [752:17160:1101/194013.865:ERROR:database.cc(1787)] Web SQLite error: code 1 errno 0: no such column: creator_unique_id sql: SELECT guid, creator_unique_id, device_model, created_date, creation_source FROM autofill_profile_edge_extended WHERE guid=? LIMIT 1
Nov 01, 2021 19:40:14.138 [752:17160:1101/194013.865:ERROR:database.cc(1787)] Web SQLite error: code 1 errno 0: no such column: creator_unique_id sql: SELECT guid, creator_unique_id, device_model, created_date, creation_source FROM autofill_profile_edge_extended WHERE guid=? LIMIT 1
Nov 01, 2021 19:40:14.138 [752:17160:1101/194013.866:ERROR:database.cc(1787)] Web SQLite error: code 1 errno 0: no such column: creator_unique_id sql: SELECT guid, creator_unique_id, device_model, created_date, creation_source FROM autofill_profile_edge_extended WHERE guid=? LIMIT 1
Nov 01, 2021 19:40:14.138 [752:17160:1101/194013.866:ERROR:database.cc(1787)] Web SQLite error: code 1 errno 0: no such column: creator_unique_id sql: SELECT guid, creator_unique_id, device_model, created_date, creation_source FROM autofill_profile_edge_extended WHERE guid=? LIMIT 1
Nov 01, 2021 19:40:14.139 [752:17160:1101/194013.866:ERROR:database.cc(1787)] Web SQLite error: code 1 errno 0: no such column: creator_unique_id sql: SELECT guid, creator_unique_id, device_model, created_date, creation_source FROM autofill_profile_edge_extended WHERE guid=? LIMIT 1
Nov 01, 2021 19:40:14.139 [752:17160:1101/194014.133:ERROR:database.cc(1787)] Web SQLite error: code 1 errno 0: no such column: creator_unique_id sql: SELECT guid, creator_unique_id, device_model, created_date, creation_source FROM autofill_profile_edge_extended WHERE guid=? LIMIT 1
Nov 01, 2021 19:40:14.139 [752:17160:1101/194014.133:ERROR:database.cc(1787)] Web SQLite error: code 1 errno 0: no such column: creator_unique_id sql: SELECT guid, creator_unique_id, device_model, created_date, creation_source FROM autofill_profile_edge_extended WHERE guid=? LIMIT 1
Nov 01, 2021 19:40:14.139 [752:17160:1101/194014.133:ERROR:database.cc(1787)] Web SQLite error: code 1 errno 0: no such column: creator_unique_id sql: SELECT guid, creator_unique_id, device_model, created_date, creation_source FROM autofill_profile_edge_extended WHERE guid=? LIMIT 1
Nov 01, 2021 19:40:14.140 [752:17160:1101/194014.133:ERROR:database.cc(1787)] Web SQLite error: code 1 errno 0: no such column: creator_unique_id sql: SELECT guid, creator_unique_id, device_model, created_date, creation_source FROM autofill_profile_edge_extended WHERE guid=? LIMIT 1
Nov 01, 2021 19:40:14.140 [752:17160:1101/194014.133:ERROR:database.cc(1787)] Web SQLite error: code 1 errno 0: no such column: creator_unique_id sql: SELECT guid, creator_unique_id, device_model, created_date, creation_source FROM autofill_profile_edge_extended WHERE guid=? LIMIT 1
Nov 01, 2021 19:40:15.506 [752:1016:1101/194015.506:ERROR:edge_auth_errors.cc(387)] EDGE_IDENTITY: Get Default OS Account failed: Error: Primary Error: kTokenRequestFailed, Secondary Error: kTokenFetchUserInteractionRequired, Platform error: -2147023665, hex:800704cf, Error string: Error code: 0x800704cf, error message:Error
Nov 01, 2021 19:40:15.507 
Nov 01, 2021 19:40:25.825 [752:1016:1101/194025.825:ERROR:device_event_log_impl.cc(214)] [19:40:25.825] USB: usb_device_handle_win.cc:1048 Failed to read descriptor from node connection: A device attached to the system is not functioning. (0x1F)
Nov 01, 2021 19:40:25.895 [752:1496:1101/194025.894:ERROR:chrome_browser_main_extra_parts_metrics.cc(252)] crbug.com/1216328: Checking default browser status started. Please report if there is no report that this ends.
Nov 01, 2021 19:40:25.896 [752:1496:1101/194025.895:ERROR:chrome_browser_main_extra_parts_metrics.cc(256)] crbug.com/1216328: Checking default browser status ended.
Nov 01, 2021 19:42:07.474 [1244:16120:1101/194207.474:ERROR:token_service_table.cc(139)] Failed to decrypt token for service AccountId-0003000019BB576C
Nov 01, 2021 19:42:07.484 [1244:16120:1101/194207.484:ERROR:database.cc(1787)] Web SQLite error: code 1 errno 0: no such column: creator_unique_id sql: SELECT guid, creator_unique_id, device_model, created_date, creation_source FROM autofill_profile_edge_extended WHERE guid=? LIMIT 1
Nov 01, 2021 19:42:07.485 [1244:16120:1101/194207.484:ERROR:database.cc(1787)] Web SQLite error: code 1 errno 0: no such column: creator_unique_id sql: SELECT guid, creator_unique_id, device_model, created_date, creation_source FROM autofill_profile_edge_extended WHERE guid=? LIMIT 1
Nov 01, 2021 19:42:07.485 [1244:16120:1101/194207.484:ERROR:database.cc(1787)] Web SQLite error: code 1 errno 0: no such column: creator_unique_id sql: SELECT guid, creator_unique_id, device_model, created_date, creation_source FROM autofill_profile_edge_extended WHERE guid=? LIMIT 1
Nov 01, 2021 19:42:07.486 [1244:16120:1101/194207.484:ERROR:database.cc(1787)] Web SQLite error: code 1 errno 0: no such column: creator_unique_id sql: SELECT guid, creator_unique_id, device_model, created_date, creation_source FROM autofill_profile_edge_extended WHERE guid=? LIMIT 1
Nov 01, 2021 19:42:07.486 [1244:16120:1101/194207.484:ERROR:database.cc(1787)] Web SQLite error: code 1 errno 0: no such column: creator_unique_id sql: SELECT guid, creator_unique_id, device_model, created_date, creation_source FROM autofill_profile_edge_extended WHERE guid=? LIMIT 1
Nov 01, 2021 19:42:07.487 [1244:16120:1101/194207.485:ERROR:database.cc(1787)] Web SQLite error: code 1 errno 0: no such column: creator_unique_id sql: SELECT guid, creator_unique_id, device_model, created_date, creation_source FROM autofill_profile_edge_extended WHERE guid=? LIMIT 1
Nov 01, 2021 19:42:07.487 [1244:16120:1101/194207.485:ERROR:database.cc(1787)] Web SQLite error: code 1 errno 0: no such column: creator_unique_id sql: SELECT guid, creator_unique_id, device_model, created_date, creation_source FROM autofill_profile_edge_extended WHERE guid=? LIMIT 1
Nov 01, 2021 19:42:07.488 [1244:16120:1101/194207.485:ERROR:database.cc(1787)] Web SQLite error: code 1 errno 0: no such column: creator_unique_id sql: SELECT guid, creator_unique_id, device_model, created_date, creation_source FROM autofill_profile_edge_extended WHERE guid=? LIMIT 1
Nov 01, 2021 19:42:07.488 [1244:16120:1101/194207.485:ERROR:database.cc(1787)] Web SQLite error: code 1 errno 0: no such column: creator_unique_id sql: SELECT guid, creator_unique_id, device_model, created_date, creation_source FROM autofill_profile_edge_extended WHERE guid=? LIMIT 1
Nov 01, 2021 19:42:07.489 [1244:16120:1101/194207.485:ERROR:database.cc(1787)] Web SQLite error: code 1 errno 0: no such column: creator_unique_id sql: SELECT guid, creator_unique_id, device_model, created_date, creation_source FROM autofill_profile_edge_extended WHERE guid=? LIMIT 1
Nov 01, 2021 19:42:07.489 [1244:16120:1101/194207.485:ERROR:database.cc(1787)] Web SQLite error: code 1 errno 0: no such column: creator_unique_id sql: SELECT guid, creator_unique_id, device_model, created_date, creation_source FROM autofill_profile_edge_extended WHERE guid=? LIMIT 1
Nov 01, 2021 19:42:07.490 [1244:16120:1101/194207.485:ERROR:database.cc(1787)] Web SQLite error: code 1 errno 0: no such column: creator_unique_id sql: SELECT guid, creator_unique_id, device_model, created_date, creation_source FROM autofill_profile_edge_extended WHERE guid=? LIMIT 1
Nov 01, 2021 19:42:07.490 [1244:16120:1101/194207.485:ERROR:database.cc(1787)] Web SQLite error: code 1 errno 0: no such column: creator_unique_id sql: SELECT guid, creator_unique_id, device_model, created_date, creation_source FROM autofill_profile_edge_extended WHERE guid=? LIMIT 1
Nov 01, 2021 19:42:07.490 [1244:16120:1101/194207.485:ERROR:database.cc(1787)] Web SQLite error: code 1 errno 0: no such column: creator_unique_id sql: SELECT guid, creator_unique_id, device_model, created_date, creation_source FROM autofill_profile_edge_extended WHERE guid=? LIMIT 1
Nov 01, 2021 19:42:07.491 [1244:16120:1101/194207.485:ERROR:database.cc(1787)] Web SQLite error: code 1 errno 0: no such column: creator_unique_id sql: SELECT guid, creator_unique_id, device_model, created_date, creation_source FROM autofill_profile_edge_extended WHERE guid=? LIMIT 1
Nov 01, 2021 19:42:07.491 [1244:16120:1101/194207.485:ERROR:database.cc(1787)] Web SQLite error: code 1 errno 0: no such column: creator_unique_id sql: SELECT guid, creator_unique_id, device_model, created_date, creation_source FROM autofill_profile_edge_extended WHERE guid=? LIMIT 1
Nov 01, 2021 19:42:07.491 [1244:16120:1101/194207.486:ERROR:database.cc(1787)] Web SQLite error: code 1 errno 0: no such column: creator_unique_id sql: SELECT guid, creator_unique_id, device_model, created_date, creation_source FROM autofill_profile_edge_extended WHERE guid=? LIMIT 1
Nov 01, 2021 19:42:07.491 [1244:16120:1101/194207.486:ERROR:database.cc(1787)] Web SQLite error: code 1 errno 0: no such column: creator_unique_id sql: SELECT guid, creator_unique_id, device_model, created_date, creation_source FROM autofill_profile_edge_extended WHERE guid=? LIMIT 1
Nov 01, 2021 19:42:07.492 [1244:16120:1101/194207.486:ERROR:database.cc(1787)] Web SQLite error: code 1 errno 0: no such column: creator_unique_id sql: SELECT guid, creator_unique_id, device_model, created_date, creation_source FROM autofill_profile_edge_extended WHERE guid=? LIMIT 1
Nov 01, 2021 19:42:07.492 [1244:16120:1101/194207.486:ERROR:database.cc(1787)] Web SQLite error: code 1 errno 0: no such column: creator_unique_id sql: SELECT guid, creator_unique_id, device_model, created_date, creation_source FROM autofill_profile_edge_extended WHERE guid=? LIMIT 1
Nov 01, 2021 19:42:07.492 [1244:16120:1101/194207.486:ERROR:database.cc(1787)] Web SQLite error: code 1 errno 0: no such column: creator_unique_id sql: SELECT guid, creator_unique_id, device_model, created_date, creation_source FROM autofill_profile_edge_extended WHERE guid=? LIMIT 1
Nov 01, 2021 19:42:11.655 [1244:10440:1101/194211.655:ERROR:chrome_browser_main_extra_parts_metrics.cc(252)] crbug.com/1216328: Checking default browser status started. Please report if there is no report that this ends.
Nov 01, 2021 19:42:11.656 [1244:10440:1101/194211.656:ERROR:chrome_browser_main_extra_parts_metrics.cc(256)] crbug.com/1216328: Checking default browser status ended.
Nov 01, 2021 19:42:11.671 [1244:10928:1101/194211.671:ERROR:device_event_log_impl.cc(214)] [19:42:11.671] USB: usb_device_handle_win.cc:1048 Failed to read descriptor from node connection: A device attached to the system is not functioning. (0x1F)
Nov 01, 2021 19:42:24.165 [1244:10928:1101/194224.165:ERROR:CONSOLE(0)] "Unchecked runtime.lastError: Autofill data unavailable.", source: edge://settings/personalinfo (0)
Nov 01, 2021 19:43:11.108 [1244:16120:1101/194311.108:ERROR:database.cc(1787)] Web SQLite error: code 1 errno 0: no such column: creator_unique_id sql: SELECT guid, creator_unique_id, device_model, created_date, creation_source FROM autofill_profile_edge_extended WHERE guid=? LIMIT 1
Nov 01, 2021 19:43:11.109 [1244:16120:1101/194311.108:ERROR:database.cc(1787)] Web SQLite error: code 1 errno 0: no such column: creator_unique_id sql: SELECT guid, creator_unique_id, device_model, created_date, creation_source FROM autofill_profile_edge_extended WHERE guid=? LIMIT 1
Nov 01, 2021 19:43:11.110 [1244:16120:1101/194311.108:ERROR:database.cc(1787)] Web SQLite error: code 1 errno 0: no such column: creator_unique_id sql: SELECT guid, creator_unique_id, device_model, created_date, creation_source FROM autofill_profile_edge_extended WHERE guid=? LIMIT 1
Nov 01, 2021 19:43:11.110 [1244:16120:1101/194311.108:ERROR:database.cc(1787)] Web SQLite error: code 1 errno 0: no such column: creator_unique_id sql: SELECT guid, creator_unique_id, device_model, created_date, creation_source FROM autofill_profile_edge_extended WHERE guid=? LIMIT 1
Nov 01, 2021 19:43:11.111 [1244:16120:1101/194311.108:ERROR:database.cc(1787)] Web SQLite error: code 1 errno 0: no such column: creator_unique_id sql: SELECT guid, creator_unique_id, device_model, created_date, creation_source FROM autofill_profile_edge_extended WHERE guid=? LIMIT 1
Nov 01, 2021 19:43:11.111 [1244:16120:1101/194311.109:ERROR:database.cc(1787)] Web SQLite error: code 1 errno 0: no such column: creator_unique_id sql: SELECT guid, creator_unique_id, device_model, created_date, creation_source FROM autofill_profile_edge_extended WHERE guid=? LIMIT 1
Nov 01, 2021 19:43:11.112 [1244:16120:1101/194311.109:ERROR:database.cc(1787)] Web SQLite error: code 1 errno 0: no such column: creator_unique_id sql: SELECT guid, creator_unique_id, device_model, created_date, creation_source FROM autofill_profile_edge_extended WHERE guid=? LIMIT 1
Nov 01, 2021 19:43:11.112 [1244:16120:1101/194311.109:ERROR:database.cc(1787)] Web SQLite error: code 1 errno 0: no such column: creator_unique_id sql: SELECT guid, creator_unique_id, device_model, created_date, creation_source FROM autofill_profile_edge_extended WHERE guid=? LIMIT 1
Nov 01, 2021 19:43:11.113 [1244:16120:1101/194311.109:ERROR:database.cc(1787)] Web SQLite error: code 1 errno 0: no such column: creator_unique_id sql: SELECT guid, creator_unique_id, device_model, created_date, creation_source FROM autofill_profile_edge_extended WHERE guid=? LIMIT 1
Nov 01, 2021 19:43:11.113 [1244:16120:1101/194311.109:ERROR:database.cc(1787)] Web SQLite error: code 1 errno 0: no such column: creator_unique_id sql: SELECT guid, creator_unique_id, device_model, created_date, creation_source FROM autofill_profile_edge_extended WHERE guid=? LIMIT 1
Nov 01, 2021 19:43:11.113 [1244:16120:1101/194311.109:ERROR:database.cc(1787)] Web SQLite error: code 1 errno 0: no such column: creator_unique_id sql: SELECT guid, creator_unique_id, device_model, created_date, creation_source FROM autofill_profile_edge_extended WHERE guid=? LIMIT 1
Nov 01, 2021 19:43:11.114 [1244:16120:1101/194311.109:ERROR:database.cc(1787)] Web SQLite error: code 1 errno 0: no such column: creator_unique_id sql: SELECT guid, creator_unique_id, device_model, created_date, creation_source FROM autofill_profile_edge_extended WHERE guid=? LIMIT 1
Nov 01, 2021 19:43:11.114 [1244:16120:1101/194311.109:ERROR:database.cc(1787)] Web SQLite error: code 1 errno 0: no such column: creator_unique_id sql: SELECT guid, creator_unique_id, device_model, created_date, creation_source FROM autofill_profile_edge_extended WHERE guid=? LIMIT 1
Nov 01, 2021 19:43:11.115 [1244:16120:1101/194311.109:ERROR:database.cc(1787)] Web SQLite error: code 1 errno 0: no such column: creator_unique_id sql: SELECT guid, creator_unique_id, device_model, created_date, creation_source FROM autofill_profile_edge_extended WHERE guid=? LIMIT 1
Nov 01, 2021 19:43:11.116 [1244:16120:1101/194311.110:ERROR:database.cc(1787)] Web SQLite error: code 1 errno 0: no such column: creator_unique_id sql: SELECT guid, creator_unique_id, device_model, created_date, creation_source FROM autofill_profile_edge_extended WHERE guid=? LIMIT 1
Nov 01, 2021 19:43:11.116 [1244:16120:1101/194311.110:ERROR:database.cc(1787)] Web SQLite error: code 1 errno 0: no such column: creator_unique_id sql: SELECT guid, creator_unique_id, device_model, created_date, creation_source FROM autofill_profile_edge_extended WHERE guid=? LIMIT 1
Nov 01, 2021 19:43:11.117 [1244:16120:1101/194311.110:ERROR:database.cc(1787)] Web SQLite error: code 1 errno 0: no such column: creator_unique_id sql: SELECT guid, creator_unique_id, device_model, created_date, creation_source FROM autofill_profile_edge_extended WHERE guid=? LIMIT 1
Nov 01, 2021 19:43:11.118 [1244:16120:1101/194311.110:ERROR:database.cc(1787)] Web SQLite error: code 1 errno 0: no such column: creator_unique_id sql: SELECT guid, creator_unique_id, device_model, created_date, creation_source FROM autofill_profile_edge_extended WHERE guid=? LIMIT 1
Nov 01, 2021 19:43:11.118 [1244:16120:1101/194311.110:ERROR:database.cc(1787)] Web SQLite error: code 1 errno 0: no such column: creator_unique_id sql: SELECT guid, creator_unique_id, device_model, created_date, creation_source FROM autofill_profile_edge_extended WHERE guid=? LIMIT 1
Nov 01, 2021 19:43:11.119 [1244:16120:1101/194311.110:ERROR:database.cc(1787)] Web SQLite error: code 1 errno 0: no such column: creator_unique_id sql: SELECT guid, creator_unique_id, device_model, created_date, creation_source FROM autofill_profile_edge_extended WHERE guid=? LIMIT 1
Nov 01, 2021 19:43:11.120 [1244:16120:1101/194311.110:ERROR:database.cc(1787)] Web SQLite error: code 1 errno 0: no such column: creator_unique_id sql: SELECT guid, creator_unique_id, device_model, created_date, creation_source FROM autofill_profile_edge_extended WHERE guid=? LIMIT 1
Nov 01, 2021 20:01:42.545 [1244:10928:1101/200142.543:ERROR:device_event_log_impl.cc(214)] [20:01:42.540] USB: usb_service_win.cc:258 Failed to get device driver name: Element not found. (0x490)
Nov 01, 2021 20:03:43.217 [1244:10928:1101/200343.217:ERROR:fallback_task_provider.cc(119)] Every renderer should have at least one task provided by a primary task provider. If a fallback task is shown, it is a bug. Please file a new bug and tag it as a dependency of crbug.com/739782.
Nov 01, 2021 20:03:44.344 [1244:10928:1101/200344.344:ERROR:fallback_task_provider.cc(119)] Every renderer should have at least one task provided by a primary task provider. If a fallback task is shown, it is a bug. Please file a new bug and tag it as a dependency of crbug.com/739782.
Nov 01, 2021 20:19:12.26 [1984:13568:1101/201912.025:ERROR:token_service_table.cc(139)] Failed to decrypt token for service AccountId-0003000019BB576C
Nov 01, 2021 20:19:12.31 [1984:13568:1101/201912.030:ERROR:database.cc(1787)] Web SQLite error: code 1 errno 0: no such column: creator_unique_id sql: SELECT guid, creator_unique_id, device_model, created_date, creation_source FROM autofill_profile_edge_extended WHERE guid=? LIMIT 1
Nov 01, 2021 20:19:12.31 [1984:13568:1101/201912.030:ERROR:database.cc(1787)] Web SQLite error: code 1 errno 0: no such column: creator_unique_id sql: SELECT guid, creator_unique_id, device_model, created_date, creation_source FROM autofill_profile_edge_extended WHERE guid=? LIMIT 1
Nov 01, 2021 20:19:12.32 [1984:13568:1101/201912.030:ERROR:database.cc(1787)] Web SQLite error: code 1 errno 0: no such column: creator_unique_id sql: SELECT guid, creator_unique_id, device_model, created_date, creation_source FROM autofill_profile_edge_extended WHERE guid=? LIMIT 1
Nov 01, 2021 20:19:12.32 [1984:13568:1101/201912.030:ERROR:database.cc(1787)] Web SQLite error: code 1 errno 0: no such column: creator_unique_id sql: SELECT guid, creator_unique_id, device_model, created_date, creation_source FROM autofill_profile_edge_extended WHERE guid=? LIMIT 1
Nov 01, 2021 20:19:12.32 [1984:13568:1101/201912.031:ERROR:database.cc(1787)] Web SQLite error: code 1 errno 0: no such column: creator_unique_id sql: SELECT guid, creator_unique_id, device_model, created_date, creation_source FROM autofill_profile_edge_extended WHERE guid=? LIMIT 1
Nov 01, 2021 20:19:12.33 [1984:13568:1101/201912.031:ERROR:database.cc(1787)] Web SQLite error: code 1 errno 0: no such column: creator_unique_id sql: SELECT guid, creator_unique_id, device_model, created_date, creation_source FROM autofill_profile_edge_extended WHERE guid=? LIMIT 1
Nov 01, 2021 20:19:12.33 [1984:13568:1101/201912.031:ERROR:database.cc(1787)] Web SQLite error: code 1 errno 0: no such column: creator_unique_id sql: SELECT guid, creator_unique_id, device_model, created_date, creation_source FROM autofill_profile_edge_extended WHERE guid=? LIMIT 1
Nov 01, 2021 20:19:12.34 [1984:13568:1101/201912.031:ERROR:database.cc(1787)] Web SQLite error: code 1 errno 0: no such column: creator_unique_id sql: SELECT guid, creator_unique_id, device_model, created_date, creation_source FROM autofill_profile_edge_extended WHERE guid=? LIMIT 1
Nov 01, 2021 20:19:12.34 [1984:13568:1101/201912.031:ERROR:database.cc(1787)] Web SQLite error: code 1 errno 0: no such column: creator_unique_id sql: SELECT guid, creator_unique_id, device_model, created_date, creation_source FROM autofill_profile_edge_extended WHERE guid=? LIMIT 1
Nov 01, 2021 20:19:12.34 [1984:13568:1101/201912.031:ERROR:database.cc(1787)] Web SQLite error: code 1 errno 0: no such column: creator_unique_id sql: SELECT guid, creator_unique_id, device_model, created_date, creation_source FROM autofill_profile_edge_extended WHERE guid=? LIMIT 1
Nov 01, 2021 20:19:12.35 [1984:13568:1101/201912.031:ERROR:database.cc(1787)] Web SQLite error: code 1 errno 0: no such column: creator_unique_id sql: SELECT guid, creator_unique_id, device_model, created_date, creation_source FROM autofill_profile_edge_extended WHERE guid=? LIMIT 1
Nov 01, 2021 20:19:12.35 [1984:13568:1101/201912.031:ERROR:database.cc(1787)] Web SQLite error: code 1 errno 0: no such column: creator_unique_id sql: SELECT guid, creator_unique_id, device_model, created_date, creation_source FROM autofill_profile_edge_extended WHERE guid=? LIMIT 1
Nov 01, 2021 20:19:12.35 [1984:13568:1101/201912.031:ERROR:database.cc(1787)] Web SQLite error: code 1 errno 0: no such column: creator_unique_id sql: SELECT guid, creator_unique_id, device_model, created_date, creation_source FROM autofill_profile_edge_extended WHERE guid=? LIMIT 1
Nov 01, 2021 20:19:12.36 [1984:13568:1101/201912.032:ERROR:database.cc(1787)] Web SQLite error: code 1 errno 0: no such column: creator_unique_id sql: SELECT guid, creator_unique_id, device_model, created_date, creation_source FROM autofill_profile_edge_extended WHERE guid=? LIMIT 1
Nov 01, 2021 20:19:12.36 [1984:13568:1101/201912.032:ERROR:database.cc(1787)] Web SQLite error: code 1 errno 0: no such column: creator_unique_id sql: SELECT guid, creator_unique_id, device_model, created_date, creation_source FROM autofill_profile_edge_extended WHERE guid=? LIMIT 1
Nov 01, 2021 20:19:12.36 [1984:13568:1101/201912.032:ERROR:database.cc(1787)] Web SQLite error: code 1 errno 0: no such column: creator_unique_id sql: SELECT guid, creator_unique_id, device_model, created_date, creation_source FROM autofill_profile_edge_extended WHERE guid=? LIMIT 1
Nov 01, 2021 20:19:12.37 [1984:13568:1101/201912.032:ERROR:database.cc(1787)] Web SQLite error: code 1 errno 0: no such column: creator_unique_id sql: SELECT guid, creator_unique_id, device_model, created_date, creation_source FROM autofill_profile_edge_extended WHERE guid=? LIMIT 1
Nov 01, 2021 20:19:12.37 [1984:13568:1101/201912.032:ERROR:database.cc(1787)] Web SQLite error: code 1 errno 0: no such column: creator_unique_id sql: SELECT guid, creator_unique_id, device_model, created_date, creation_source FROM autofill_profile_edge_extended WHERE guid=? LIMIT 1
Nov 01, 2021 20:19:12.37 [1984:13568:1101/201912.032:ERROR:database.cc(1787)] Web SQLite error: code 1 errno 0: no such column: creator_unique_id sql: SELECT guid, creator_unique_id, device_model, created_date, creation_source FROM autofill_profile_edge_extended WHERE guid=? LIMIT 1
Nov 01, 2021 20:19:12.38 [1984:13568:1101/201912.032:ERROR:database.cc(1787)] Web SQLite error: code 1 errno 0: no such column: creator_unique_id sql: SELECT guid, creator_unique_id, device_model, created_date, creation_source FROM autofill_profile_edge_extended WHERE guid=? LIMIT 1
Nov 01, 2021 20:19:12.38 [1984:13568:1101/201912.032:ERROR:database.cc(1787)] Web SQLite error: code 1 errno 0: no such column: creator_unique_id sql: SELECT guid, creator_unique_id, device_model, created_date, creation_source FROM autofill_profile_edge_extended WHERE guid=? LIMIT 1
Nov 01, 2021 20:19:16.286 [1984:16776:1101/201916.285:ERROR:chrome_browser_main_extra_parts_metrics.cc(252)] crbug.com/1216328: Checking default browser status started. Please report if there is no report that this ends.
Nov 01, 2021 20:19:16.293 [1984:16776:1101/201916.292:ERROR:chrome_browser_main_extra_parts_metrics.cc(256)] crbug.com/1216328: Checking default browser status ended.
Nov 01, 2021 20:23:57.680 [13280:14868:1101/202357.680:ERROR:token_service_table.cc(139)] Failed to decrypt token for service AccountId-0003000019BB576C
Nov 01, 2021 20:23:57.684 [13280:14868:1101/202357.683:ERROR:database.cc(1787)] Web SQLite error: code 1 errno 0: no such column: creator_unique_id sql: SELECT guid, creator_unique_id, device_model, created_date, creation_source FROM autofill_profile_edge_extended WHERE guid=? LIMIT 1
Nov 01, 2021 20:23:57.684 [13280:14868:1101/202357.683:ERROR:database.cc(1787)] Web SQLite error: code 1 errno 0: no such column: creator_unique_id sql: SELECT guid, creator_unique_id, device_model, created_date, creation_source FROM autofill_profile_edge_extended WHERE guid=? LIMIT 1
Nov 01, 2021 20:23:57.685 [13280:14868:1101/202357.684:ERROR:database.cc(1787)] Web SQLite error: code 1 errno 0: no such column: creator_unique_id sql: SELECT guid, creator_unique_id, device_model, created_date, creation_source FROM autofill_profile_edge_extended WHERE guid=? LIMIT 1
Nov 01, 2021 20:23:57.685 [13280:14868:1101/202357.684:ERROR:database.cc(1787)] Web SQLite error: code 1 errno 0: no such column: creator_unique_id sql: SELECT guid, creator_unique_id, device_model, created_date, creation_source FROM autofill_profile_edge_extended WHERE guid=? LIMIT 1
Nov 01, 2021 20:23:57.686 [13280:14868:1101/202357.684:ERROR:database.cc(1787)] Web SQLite error: code 1 errno 0: no such column: creator_unique_id sql: SELECT guid, creator_unique_id, device_model, created_date, creation_source FROM autofill_profile_edge_extended WHERE guid=? LIMIT 1
Nov 01, 2021 20:23:57.686 [13280:14868:1101/202357.684:ERROR:database.cc(1787)] Web SQLite error: code 1 errno 0: no such column: creator_unique_id sql: SELECT guid, creator_unique_id, device_model, created_date, creation_source FROM autofill_profile_edge_extended WHERE guid=? LIMIT 1
Nov 01, 2021 20:23:57.686 [13280:14868:1101/202357.684:ERROR:database.cc(1787)] Web SQLite error: code 1 errno 0: no such column: creator_unique_id sql: SELECT guid, creator_unique_id, device_model, created_date, creation_source FROM autofill_profile_edge_extended WHERE guid=? LIMIT 1
Nov 01, 2021 20:23:57.686 [13280:14868:1101/202357.684:ERROR:database.cc(1787)] Web SQLite error: code 1 errno 0: no such column: creator_unique_id sql: SELECT guid, creator_unique_id, device_model, created_date, creation_source FROM autofill_profile_edge_extended WHERE guid=? LIMIT 1
Nov 01, 2021 20:23:57.688 [13280:14868:1101/202357.684:ERROR:database.cc(1787)] Web SQLite error: code 1 errno 0: no such column: creator_unique_id sql: SELECT guid, creator_unique_id, device_model, created_date, creation_source FROM autofill_profile_edge_extended WHERE guid=? LIMIT 1
Nov 01, 2021 20:23:57.688 [13280:14868:1101/202357.684:ERROR:database.cc(1787)] Web SQLite error: code 1 errno 0: no such column: creator_unique_id sql: SELECT guid, creator_unique_id, device_model, created_date, creation_source FROM autofill_profile_edge_extended WHERE guid=? LIMIT 1
Nov 01, 2021 20:23:57.688 [13280:14868:1101/202357.684:ERROR:database.cc(1787)] Web SQLite error: code 1 errno 0: no such column: creator_unique_id sql: SELECT guid, creator_unique_id, device_model, created_date, creation_source FROM autofill_profile_edge_extended WHERE guid=? LIMIT 1
Nov 01, 2021 20:23:57.689 [13280:14868:1101/202357.685:ERROR:database.cc(1787)] Web SQLite error: code 1 errno 0: no such column: creator_unique_id sql: SELECT guid, creator_unique_id, device_model, created_date, creation_source FROM autofill_profile_edge_extended WHERE guid=? LIMIT 1
Nov 01, 2021 20:23:57.690 [13280:14868:1101/202357.685:ERROR:database.cc(1787)] Web SQLite error: code 1 errno 0: no such column: creator_unique_id sql: SELECT guid, creator_unique_id, device_model, created_date, creation_source FROM autofill_profile_edge_extended WHERE guid=? LIMIT 1
Nov 01, 2021 20:23:57.690 [13280:14868:1101/202357.685:ERROR:database.cc(1787)] Web SQLite error: code 1 errno 0: no such column: creator_unique_id sql: SELECT guid, creator_unique_id, device_model, created_date, creation_source FROM autofill_profile_edge_extended WHERE guid=? LIMIT 1
Nov 01, 2021 20:23:57.690 [13280:14868:1101/202357.685:ERROR:database.cc(1787)] Web SQLite error: code 1 errno 0: no such column: creator_unique_id sql: SELECT guid, creator_unique_id, device_model, created_date, creation_source FROM autofill_profile_edge_extended WHERE guid=? LIMIT 1
Nov 01, 2021 20:23:57.691 [13280:14868:1101/202357.685:ERROR:database.cc(1787)] Web SQLite error: code 1 errno 0: no such column: creator_unique_id sql: SELECT guid, creator_unique_id, device_model, created_date, creation_source FROM autofill_profile_edge_extended WHERE guid=? LIMIT 1
Nov 01, 2021 20:23:57.692 [13280:14868:1101/202357.685:ERROR:database.cc(1787)] Web SQLite error: code 1 errno 0: no such column: creator_unique_id sql: SELECT guid, creator_unique_id, device_model, created_date, creation_source FROM autofill_profile_edge_extended WHERE guid=? LIMIT 1
Nov 01, 2021 20:23:57.692 [13280:14868:1101/202357.685:ERROR:database.cc(1787)] Web SQLite error: code 1 errno 0: no such column: creator_unique_id sql: SELECT guid, creator_unique_id, device_model, created_date, creation_source FROM autofill_profile_edge_extended WHERE guid=? LIMIT 1
Nov 01, 2021 20:23:57.693 [13280:14868:1101/202357.685:ERROR:database.cc(1787)] Web SQLite error: code 1 errno 0: no such column: creator_unique_id sql: SELECT guid, creator_unique_id, device_model, created_date, creation_source FROM autofill_profile_edge_extended WHERE guid=? LIMIT 1
Nov 01, 2021 20:23:57.693 [13280:14868:1101/202357.685:ERROR:database.cc(1787)] Web SQLite error: code 1 errno 0: no such column: creator_unique_id sql: SELECT guid, creator_unique_id, device_model, created_date, creation_source FROM autofill_profile_edge_extended WHERE guid=? LIMIT 1
Nov 01, 2021 20:23:57.694 [13280:14868:1101/202357.685:ERROR:database.cc(1787)] Web SQLite error: code 1 errno 0: no such column: creator_unique_id sql: SELECT guid, creator_unique_id, device_model, created_date, creation_source FROM autofill_profile_edge_extended WHERE guid=? LIMIT 1
Nov 01, 2021 20:24:01.984 [13280:13896:1101/202401.983:ERROR:chrome_browser_main_extra_parts_metrics.cc(252)] crbug.com/1216328: Checking default browser status started. Please report if there is no report that this ends.
Nov 01, 2021 20:24:01.984 [13280:13896:1101/202401.984:ERROR:chrome_browser_main_extra_parts_metrics.cc(256)] crbug.com/1216328: Checking default browser status ended.
Nov 01, 2021 20:24:01.988 [13280:14212:1101/202401.988:ERROR:device_event_log_impl.cc(214)] [20:24:01.988] USB: usb_device_handle_win.cc:1048 Failed to read descriptor from node connection: A device attached to the system is not functioning. (0x1F)

Nov 21, 2021 07:58:54.198 NEW SESSION
Nov 21, 2021 07:58:54.198 [5152:4904:1121/075853.890:ERROR:token_service_table.cc(139)] Failed to decrypt token for service AccountId-0003000019BB576C
Nov 21, 2021 07:58:56.470 [5152:4904:1121/075856.470:ERROR:database.cc(1787)] Web SQLite error: code 1 errno 0: no such column: creator_unique_id sql: SELECT guid, creator_unique_id, device_model, created_date, creation_source FROM autofill_profile_edge_extended WHERE guid=? LIMIT 1
Nov 21, 2021 07:58:56.722 [5152:4904:1121/075856.721:ERROR:database.cc(1787)] Web SQLite error: code 1 errno 0: no such column: creator_unique_id sql: SELECT guid, creator_unique_id, device_model, created_date, creation_source FROM autofill_profile_edge_extended WHERE guid=? LIMIT 1
Nov 21, 2021 07:58:56.723 [5152:4904:1121/075856.722:ERROR:database.cc(1787)] Web SQLite error: code 1 errno 0: no such column: creator_unique_id sql: SELECT guid, creator_unique_id, device_model, created_date, creation_source FROM autofill_profile_edge_extended WHERE guid=? LIMIT 1
Nov 21, 2021 07:58:56.724 [5152:4904:1121/075856.722:ERROR:database.cc(1787)] Web SQLite error: code 1 errno 0: no such column: creator_unique_id sql: SELECT guid, creator_unique_id, device_model, created_date, creation_source FROM autofill_profile_edge_extended WHERE guid=? LIMIT 1
Nov 21, 2021 07:58:56.829 [5152:4904:1121/075856.722:ERROR:database.cc(1787)] Web SQLite error: code 1 errno 0: no such column: creator_unique_id sql: SELECT guid, creator_unique_id, device_model, created_date, creation_source FROM autofill_profile_edge_extended WHERE guid=? LIMIT 1
Nov 21, 2021 07:58:56.830 [5152:4904:1121/075856.722:ERROR:database.cc(1787)] Web SQLite error: code 1 errno 0: no such column: creator_unique_id sql: SELECT guid, creator_unique_id, device_model, created_date, creation_source FROM autofill_profile_edge_extended WHERE guid=? LIMIT 1
Nov 21, 2021 07:58:56.830 [5152:4904:1121/075856.722:ERROR:database.cc(1787)] Web SQLite error: code 1 errno 0: no such column: creator_unique_id sql: SELECT guid, creator_unique_id, device_model, created_date, creation_source FROM autofill_profile_edge_extended WHERE guid=? LIMIT 1
Nov 21, 2021 07:58:56.831 [5152:4904:1121/075856.723:ERROR:database.cc(1787)] Web SQLite error: code 1 errno 0: no such column: creator_unique_id sql: SELECT guid, creator_unique_id, device_model, created_date, creation_source FROM autofill_profile_edge_extended WHERE guid=? LIMIT 1
Nov 21, 2021 07:58:56.831 [5152:4904:1121/075856.723:ERROR:database.cc(1787)] Web SQLite error: code 1 errno 0: no such column: creator_unique_id sql: SELECT guid, creator_unique_id, device_model, created_date, creation_source FROM autofill_profile_edge_extended WHERE guid=? LIMIT 1
Nov 21, 2021 07:58:56.832 [5152:4904:1121/075856.723:ERROR:database.cc(1787)] Web SQLite error: code 1 errno 0: no such column: creator_unique_id sql: SELECT guid, creator_unique_id, device_model, created_date, creation_source FROM autofill_profile_edge_extended WHERE guid=? LIMIT 1
Nov 21, 2021 07:58:56.832 [5152:4904:1121/075856.723:ERROR:database.cc(1787)] Web SQLite error: code 1 errno 0: no such column: creator_unique_id sql: SELECT guid, creator_unique_id, device_model, created_date, creation_source FROM autofill_profile_edge_extended WHERE guid=? LIMIT 1
Nov 21, 2021 07:58:56.833 [5152:4904:1121/075856.723:ERROR:database.cc(1787)] Web SQLite error: code 1 errno 0: no such column: creator_unique_id sql: SELECT guid, creator_unique_id, device_model, created_date, creation_source FROM autofill_profile_edge_extended WHERE guid=? LIMIT 1
Nov 21, 2021 07:58:56.833 [5152:4904:1121/075856.723:ERROR:database.cc(1787)] Web SQLite error: code 1 errno 0: no such column: creator_unique_id sql: SELECT guid, creator_unique_id, device_model, created_date, creation_source FROM autofill_profile_edge_extended WHERE guid=? LIMIT 1
Nov 21, 2021 07:58:56.834 [5152:4904:1121/075856.723:ERROR:database.cc(1787)] Web SQLite error: code 1 errno 0: no such column: creator_unique_id sql: SELECT guid, creator_unique_id, device_model, created_date, creation_source FROM autofill_profile_edge_extended WHERE guid=? LIMIT 1
Nov 21, 2021 07:58:56.834 [5152:4904:1121/075856.723:ERROR:database.cc(1787)] Web SQLite error: code 1 errno 0: no such column: creator_unique_id sql: SELECT guid, creator_unique_id, device_model, created_date, creation_source FROM autofill_profile_edge_extended WHERE guid=? LIMIT 1
Nov 21, 2021 07:58:56.835 [5152:4904:1121/075856.723:ERROR:database.cc(1787)] Web SQLite error: code 1 errno 0: no such column: creator_unique_id sql: SELECT guid, creator_unique_id, device_model, created_date, creation_source FROM autofill_profile_edge_extended WHERE guid=? LIMIT 1
Nov 21, 2021 07:58:56.835 [5152:4904:1121/075856.723:ERROR:database.cc(1787)] Web SQLite error: code 1 errno 0: no such column: creator_unique_id sql: SELECT guid, creator_unique_id, device_model, created_date, creation_source FROM autofill_profile_edge_extended WHERE guid=? LIMIT 1
Nov 21, 2021 07:58:56.836 [5152:4904:1121/075856.724:ERROR:database.cc(1787)] Web SQLite error: code 1 errno 0: no such column: creator_unique_id sql: SELECT guid, creator_unique_id, device_model, created_date, creation_source FROM autofill_profile_edge_extended WHERE guid=? LIMIT 1
Nov 21, 2021 07:58:56.836 [5152:4904:1121/075856.724:ERROR:database.cc(1787)] Web SQLite error: code 1 errno 0: no such column: creator_unique_id sql: SELECT guid, creator_unique_id, device_model, created_date, creation_source FROM autofill_profile_edge_extended WHERE guid=? LIMIT 1
Nov 21, 2021 07:58:56.837 [5152:4904:1121/075856.724:ERROR:database.cc(1787)] Web SQLite error: code 1 errno 0: no such column: creator_unique_id sql: SELECT guid, creator_unique_id, device_model, created_date, creation_source FROM autofill_profile_edge_extended WHERE guid=? LIMIT 1
Nov 21, 2021 07:58:56.837 [5152:4904:1121/075856.724:ERROR:database.cc(1787)] Web SQLite error: code 1 errno 0: no such column: creator_unique_id sql: SELECT guid, creator_unique_id, device_model, created_date, creation_source FROM autofill_profile_edge_extended WHERE guid=? LIMIT 1
Nov 21, 2021 07:59:13.412 [5152:1672:1121/075913.411:ERROR:edge_auth_errors.cc(387)] EDGE_IDENTITY: Get Default OS Account failed: Error: Primary Error: kTokenRequestFailed, Secondary Error: kTokenFetchUserInteractionRequired, Platform error: -2147023665, hex:800704cf, Error string: Error code: 0x800704cf, error message:Error
Nov 21, 2021 07:59:13.413 
Nov 21, 2021 07:59:16.944 [5152:1672:1121/075916.943:ERROR:network_service_instance_impl.cc(662)] Network service crashed, restarting service.
Nov 21, 2021 07:59:18.400 [5152:8396:1121/075918.400:ERROR:chrome_browser_main_extra_parts_metrics.cc(252)] crbug.com/1216328: Checking default browser status started. Please report if there is no report that this ends.
Nov 21, 2021 07:59:18.401 [5152:8396:1121/075918.401:ERROR:chrome_browser_main_extra_parts_metrics.cc(256)] crbug.com/1216328: Checking default browser status ended.
Nov 21, 2021 07:59:22.129 [5152:1672:1121/075922.128:ERROR:smartscreen_dns_resolver.cc(100)] SmartScreenDnsResolver::OnComplete Error: -105 DidTimeOut: 0 URL: https://ntp.msn.com/edge/ntp?locale=en-US&title=New%20tab&dsp=1&sp=Bing&prerender=1
Nov 21, 2021 07:59:22.539 [5152:1672:1121/075922.539:ERROR:device_event_log_impl.cc(214)] [07:59:22.539] USB: usb_device_handle_win.cc:1048 Failed to read descriptor from node connection: A device attached to the system is not functioning. (0x1F)
Nov 21, 2021 07:59:23.63 [5152:1672:1121/075923.062:ERROR:fallback_task_provider.cc(119)] Every renderer should have at least one task provided by a primary task provider. If a fallback task is shown, it is a bug. Please file a new bug and tag it as a dependency of crbug.com/739782.
Nov 21, 2021 07:59:23.64 [5152:1672:1121/075923.063:ERROR:fallback_task_provider.cc(119)] Every renderer should have at least one task provided by a primary task provider. If a fallback task is shown, it is a bug. Please file a new bug and tag it as a dependency of crbug.com/739782.
Nov 21, 2021 07:59:29.709 [5152:1672:1121/075929.709:ERROR:fallback_task_provider.cc(119)] Every renderer should have at least one task provided by a primary task provider. If a fallback task is shown, it is a bug. Please file a new bug and tag it as a dependency of crbug.com/739782.
Nov 21, 2021 08:11:55.609 [5152:1672:1121/081155.609:ERROR:fallback_task_provider.cc(119)] Every renderer should have at least one task provided by a primary task provider. If a fallback task is shown, it is a bug. Please file a new bug and tag it as a dependency of crbug.com/739782.
Nov 21, 2021 08:11:55.650 [5152:1672:1121/081155.649:ERROR:fallback_task_provider.cc(119)] Every renderer should have at least one task provided by a primary task provider. If a fallback task is shown, it is a bug. Please file a new bug and tag it as a dependency of crbug.com/739782.
Nov 21, 2021 08:13:02.644 [5152:1672:1121/081302.643:ERROR:fallback_task_provider.cc(119)] Every renderer should have at least one task provided by a primary task provider. If a fallback task is shown, it is a bug. Please file a new bug and tag it as a dependency of crbug.com/739782.
Nov 21, 2021 08:13:02.644 [5152:1672:1121/081302.643:ERROR:fallback_task_provider.cc(119)] Every renderer should have at least one task provided by a primary task provider. If a fallback task is shown, it is a bug. Please file a new bug and tag it as a dependency of crbug.com/739782.
Nov 21, 2021 08:16:12.453 [14848:11556:1121/081612.453:ERROR:token_service_table.cc(139)] Failed to decrypt token for service AccountId-0003000019BB576C
Nov 21, 2021 08:16:12.457 [14848:11556:1121/081612.457:ERROR:database.cc(1787)] Web SQLite error: code 1 errno 0: no such column: creator_unique_id sql: SELECT guid, creator_unique_id, device_model, created_date, creation_source FROM autofill_profile_edge_extended WHERE guid=? LIMIT 1
Nov 21, 2021 08:16:12.458 [14848:11556:1121/081612.457:ERROR:database.cc(1787)] Web SQLite error: code 1 errno 0: no such column: creator_unique_id sql: SELECT guid, creator_unique_id, device_model, created_date, creation_source FROM autofill_profile_edge_extended WHERE guid=? LIMIT 1
Nov 21, 2021 08:16:12.459 [14848:11556:1121/081612.457:ERROR:database.cc(1787)] Web SQLite error: code 1 errno 0: no such column: creator_unique_id sql: SELECT guid, creator_unique_id, device_model, created_date, creation_source FROM autofill_profile_edge_extended WHERE guid=? LIMIT 1
Nov 21, 2021 08:16:12.460 [14848:11556:1121/081612.458:ERROR:database.cc(1787)] Web SQLite error: code 1 errno 0: no such column: creator_unique_id sql: SELECT guid, creator_unique_id, device_model, created_date, creation_source FROM autofill_profile_edge_extended WHERE guid=? LIMIT 1
Nov 21, 2021 08:16:12.460 [14848:11556:1121/081612.458:ERROR:database.cc(1787)] Web SQLite error: code 1 errno 0: no such column: creator_unique_id sql: SELECT guid, creator_unique_id, device_model, created_date, creation_source FROM autofill_profile_edge_extended WHERE guid=? LIMIT 1
Nov 21, 2021 08:16:12.461 [14848:11556:1121/081612.458:ERROR:database.cc(1787)] Web SQLite error: code 1 errno 0: no such column: creator_unique_id sql: SELECT guid, creator_unique_id, device_model, created_date, creation_source FROM autofill_profile_edge_extended WHERE guid=? LIMIT 1
Nov 21, 2021 08:16:12.462 [14848:11556:1121/081612.458:ERROR:database.cc(1787)] Web SQLite error: code 1 errno 0: no such column: creator_unique_id sql: SELECT guid, creator_unique_id, device_model, created_date, creation_source FROM autofill_profile_edge_extended WHERE guid=? LIMIT 1
Nov 21, 2021 08:16:12.463 [14848:11556:1121/081612.458:ERROR:database.cc(1787)] Web SQLite error: code 1 errno 0: no such column: creator_unique_id sql: SELECT guid, creator_unique_id, device_model, created_date, creation_source FROM autofill_profile_edge_extended WHERE guid=? LIMIT 1
Nov 21, 2021 08:16:12.463 [14848:11556:1121/081612.458:ERROR:database.cc(1787)] Web SQLite error: code 1 errno 0: no such column: creator_unique_id sql: SELECT guid, creator_unique_id, device_model, created_date, creation_source FROM autofill_profile_edge_extended WHERE guid=? LIMIT 1
Nov 21, 2021 08:16:12.464 [14848:11556:1121/081612.458:ERROR:database.cc(1787)] Web SQLite error: code 1 errno 0: no such column: creator_unique_id sql: SELECT guid, creator_unique_id, device_model, created_date, creation_source FROM autofill_profile_edge_extended WHERE guid=? LIMIT 1
Nov 21, 2021 08:16:12.464 [14848:11556:1121/081612.459:ERROR:database.cc(1787)] Web SQLite error: code 1 errno 0: no such column: creator_unique_id sql: SELECT guid, creator_unique_id, device_model, created_date, creation_source FROM autofill_profile_edge_extended WHERE guid=? LIMIT 1
Nov 21, 2021 08:16:12.465 [14848:11556:1121/081612.459:ERROR:database.cc(1787)] Web SQLite error: code 1 errno 0: no such column: creator_unique_id sql: SELECT guid, creator_unique_id, device_model, created_date, creation_source FROM autofill_profile_edge_extended WHERE guid=? LIMIT 1
Nov 21, 2021 08:16:12.465 [14848:11556:1121/081612.459:ERROR:database.cc(1787)] Web SQLite error: code 1 errno 0: no such column: creator_unique_id sql: SELECT guid, creator_unique_id, device_model, created_date, creation_source FROM autofill_profile_edge_extended WHERE guid=? LIMIT 1
Nov 21, 2021 08:16:12.466 [14848:11556:1121/081612.459:ERROR:database.cc(1787)] Web SQLite error: code 1 errno 0: no such column: creator_unique_id sql: SELECT guid, creator_unique_id, device_model, created_date, creation_source FROM autofill_profile_edge_extended WHERE guid=? LIMIT 1
Nov 21, 2021 08:16:12.467 [14848:11556:1121/081612.459:ERROR:database.cc(1787)] Web SQLite error: code 1 errno 0: no such column: creator_unique_id sql: SELECT guid, creator_unique_id, device_model, created_date, creation_source FROM autofill_profile_edge_extended WHERE guid=? LIMIT 1
Nov 21, 2021 08:16:12.468 [14848:11556:1121/081612.459:ERROR:database.cc(1787)] Web SQLite error: code 1 errno 0: no such column: creator_unique_id sql: SELECT guid, creator_unique_id, device_model, created_date, creation_source FROM autofill_profile_edge_extended WHERE guid=? LIMIT 1
Nov 21, 2021 08:16:12.468 [14848:11556:1121/081612.459:ERROR:database.cc(1787)] Web SQLite error: code 1 errno 0: no such column: creator_unique_id sql: SELECT guid, creator_unique_id, device_model, created_date, creation_source FROM autofill_profile_edge_extended WHERE guid=? LIMIT 1
Nov 21, 2021 08:16:12.469 [14848:11556:1121/081612.460:ERROR:database.cc(1787)] Web SQLite error: code 1 errno 0: no such column: creator_unique_id sql: SELECT guid, creator_unique_id, device_model, created_date, creation_source FROM autofill_profile_edge_extended WHERE guid=? LIMIT 1
Nov 21, 2021 08:16:12.469 [14848:11556:1121/081612.460:ERROR:database.cc(1787)] Web SQLite error: code 1 errno 0: no such column: creator_unique_id sql: SELECT guid, creator_unique_id, device_model, created_date, creation_source FROM autofill_profile_edge_extended WHERE guid=? LIMIT 1
Nov 21, 2021 08:16:12.470 [14848:11556:1121/081612.460:ERROR:database.cc(1787)] Web SQLite error: code 1 errno 0: no such column: creator_unique_id sql: SELECT guid, creator_unique_id, device_model, created_date, creation_source FROM autofill_profile_edge_extended WHERE guid=? LIMIT 1
Nov 21, 2021 08:16:12.470 [14848:11556:1121/081612.460:ERROR:database.cc(1787)] Web SQLite error: code 1 errno 0: no such column: creator_unique_id sql: SELECT guid, creator_unique_id, device_model, created_date, creation_source FROM autofill_profile_edge_extended WHERE guid=? LIMIT 1
Nov 21, 2021 08:16:22.691 [14848:15304:1121/081622.690:ERROR:chrome_browser_main_extra_parts_metrics.cc(252)] crbug.com/1216328: Checking default browser status started. Please report if there is no report that this ends.
Nov 21, 2021 08:16:22.693 [14848:15304:1121/081622.692:ERROR:chrome_browser_main_extra_parts_metrics.cc(256)] crbug.com/1216328: Checking default browser status ended.
Nov 21, 2021 08:16:22.700 [14848:14880:1121/081622.699:ERROR:device_event_log_impl.cc(214)] [08:16:22.699] USB: usb_device_handle_win.cc:1048 Failed to read descriptor from node connection: A device attached to the system is not functioning. (0x1F)

Nov 23, 2021 08:44:26.465 NEW SESSION
Nov 23, 2021 08:44:26.465 [12592:788:1123/084426.287:ERROR:token_service_table.cc(139)] Failed to decrypt token for service AccountId-0003000019BB576C
Nov 23, 2021 08:44:26.667 [12592:788:1123/084426.431:ERROR:database.cc(1787)] Web SQLite error: code 1 errno 0: no such column: creator_unique_id sql: SELECT guid, creator_unique_id, device_model, created_date, creation_source FROM autofill_profile_edge_extended WHERE guid=? LIMIT 1
Nov 23, 2021 08:44:26.667 [12592:788:1123/084426.431:ERROR:database.cc(1787)] Web SQLite error: code 1 errno 0: no such column: creator_unique_id sql: SELECT guid, creator_unique_id, device_model, created_date, creation_source FROM autofill_profile_edge_extended WHERE guid=? LIMIT 1
Nov 23, 2021 08:44:26.667 [12592:788:1123/084426.431:ERROR:database.cc(1787)] Web SQLite error: code 1 errno 0: no such column: creator_unique_id sql: SELECT guid, creator_unique_id, device_model, created_date, creation_source FROM autofill_profile_edge_extended WHERE guid=? LIMIT 1
Nov 23, 2021 08:44:26.668 [12592:788:1123/084426.431:ERROR:database.cc(1787)] Web SQLite error: code 1 errno 0: no such column: creator_unique_id sql: SELECT guid, creator_unique_id, device_model, created_date, creation_source FROM autofill_profile_edge_extended WHERE guid=? LIMIT 1
Nov 23, 2021 08:44:26.668 [12592:788:1123/084426.431:ERROR:database.cc(1787)] Web SQLite error: code 1 errno 0: no such column: creator_unique_id sql: SELECT guid, creator_unique_id, device_model, created_date, creation_source FROM autofill_profile_edge_extended WHERE guid=? LIMIT 1
Nov 23, 2021 08:44:26.668 [12592:788:1123/084426.432:ERROR:database.cc(1787)] Web SQLite error: code 1 errno 0: no such column: creator_unique_id sql: SELECT guid, creator_unique_id, device_model, created_date, creation_source FROM autofill_profile_edge_extended WHERE guid=? LIMIT 1
Nov 23, 2021 08:44:26.668 [12592:788:1123/084426.432:ERROR:database.cc(1787)] Web SQLite error: code 1 errno 0: no such column: creator_unique_id sql: SELECT guid, creator_unique_id, device_model, created_date, creation_source FROM autofill_profile_edge_extended WHERE guid=? LIMIT 1
Nov 23, 2021 08:44:26.669 [12592:788:1123/084426.432:ERROR:database.cc(1787)] Web SQLite error: code 1 errno 0: no such column: creator_unique_id sql: SELECT guid, creator_unique_id, device_model, created_date, creation_source FROM autofill_profile_edge_extended WHERE guid=? LIMIT 1
Nov 23, 2021 08:44:26.669 [12592:788:1123/084426.432:ERROR:database.cc(1787)] Web SQLite error: code 1 errno 0: no such column: creator_unique_id sql: SELECT guid, creator_unique_id, device_model, created_date, creation_source FROM autofill_profile_edge_extended WHERE guid=? LIMIT 1
Nov 23, 2021 08:44:26.669 [12592:788:1123/084426.432:ERROR:database.cc(1787)] Web SQLite error: code 1 errno 0: no such column: creator_unique_id sql: SELECT guid, creator_unique_id, device_model, created_date, creation_source FROM autofill_profile_edge_extended WHERE guid=? LIMIT 1
Nov 23, 2021 08:44:26.669 [12592:788:1123/084426.432:ERROR:database.cc(1787)] Web SQLite error: code 1 errno 0: no such column: creator_unique_id sql: SELECT guid, creator_unique_id, device_model, created_date, creation_source FROM autofill_profile_edge_extended WHERE guid=? LIMIT 1
Nov 23, 2021 08:44:26.669 [12592:788:1123/084426.433:ERROR:database.cc(1787)] Web SQLite error: code 1 errno 0: no such column: creator_unique_id sql: SELECT guid, creator_unique_id, device_model, created_date, creation_source FROM autofill_profile_edge_extended WHERE guid=? LIMIT 1
Nov 23, 2021 08:44:26.670 [12592:788:1123/084426.433:ERROR:database.cc(1787)] Web SQLite error: code 1 errno 0: no such column: creator_unique_id sql: SELECT guid, creator_unique_id, device_model, created_date, creation_source FROM autofill_profile_edge_extended WHERE guid=? LIMIT 1
Nov 23, 2021 08:44:26.670 [12592:788:1123/084426.433:ERROR:database.cc(1787)] Web SQLite error: code 1 errno 0: no such column: creator_unique_id sql: SELECT guid, creator_unique_id, device_model, created_date, creation_source FROM autofill_profile_edge_extended WHERE guid=? LIMIT 1
Nov 23, 2021 08:44:26.670 [12592:788:1123/084426.433:ERROR:database.cc(1787)] Web SQLite error: code 1 errno 0: no such column: creator_unique_id sql: SELECT guid, creator_unique_id, device_model, created_date, creation_source FROM autofill_profile_edge_extended WHERE guid=? LIMIT 1
Nov 23, 2021 08:44:26.670 [12592:788:1123/084426.433:ERROR:database.cc(1787)] Web SQLite error: code 1 errno 0: no such column: creator_unique_id sql: SELECT guid, creator_unique_id, device_model, created_date, creation_source FROM autofill_profile_edge_extended WHERE guid=? LIMIT 1
Nov 23, 2021 08:44:26.671 [12592:788:1123/084426.667:ERROR:database.cc(1787)] Web SQLite error: code 1 errno 0: no such column: creator_unique_id sql: SELECT guid, creator_unique_id, device_model, created_date, creation_source FROM autofill_profile_edge_extended WHERE guid=? LIMIT 1
Nov 23, 2021 08:44:26.671 [12592:788:1123/084426.667:ERROR:database.cc(1787)] Web SQLite error: code 1 errno 0: no such column: creator_unique_id sql: SELECT guid, creator_unique_id, device_model, created_date, creation_source FROM autofill_profile_edge_extended WHERE guid=? LIMIT 1
Nov 23, 2021 08:44:26.671 [12592:788:1123/084426.667:ERROR:database.cc(1787)] Web SQLite error: code 1 errno 0: no such column: creator_unique_id sql: SELECT guid, creator_unique_id, device_model, created_date, creation_source FROM autofill_profile_edge_extended WHERE guid=? LIMIT 1
Nov 23, 2021 08:44:26.671 [12592:788:1123/084426.667:ERROR:database.cc(1787)] Web SQLite error: code 1 errno 0: no such column: creator_unique_id sql: SELECT guid, creator_unique_id, device_model, created_date, creation_source FROM autofill_profile_edge_extended WHERE guid=? LIMIT 1
Nov 23, 2021 08:44:26.671 [12592:788:1123/084426.667:ERROR:database.cc(1787)] Web SQLite error: code 1 errno 0: no such column: creator_unique_id sql: SELECT guid, creator_unique_id, device_model, created_date, creation_source FROM autofill_profile_edge_extended WHERE guid=? LIMIT 1
Nov 23, 2021 08:44:29.470 [12592:2356:1123/084429.470:ERROR:fallback_task_provider.cc(119)] Every renderer should have at least one task provided by a primary task provider. If a fallback task is shown, it is a bug. Please file a new bug and tag it as a dependency of crbug.com/739782.
Nov 23, 2021 08:44:32.333 [12592:14328:1123/084432.332:ERROR:chrome_browser_main_extra_parts_metrics.cc(252)] crbug.com/1216328: Checking default browser status started. Please report if there is no report that this ends.
Nov 23, 2021 08:44:32.333 [12592:14328:1123/084432.333:ERROR:chrome_browser_main_extra_parts_metrics.cc(256)] crbug.com/1216328: Checking default browser status ended.
Nov 23, 2021 08:44:32.544 [12592:2356:1123/084432.544:ERROR:device_event_log_impl.cc(214)] [08:44:32.544] USB: usb_device_handle_win.cc:1048 Failed to read descriptor from node connection: A device attached to the system is not functioning. (0x1F)
Nov 23, 2021 08:46:01.128 [12592:2356:1123/084601.127:ERROR:fallback_task_provider.cc(119)] Every renderer should have at least one task provided by a primary task provider. If a fallback task is shown, it is a bug. Please file a new bug and tag it as a dependency of crbug.com/739782.

Nov 24, 2021 11:50:09.01 NEW SESSION
Nov 24, 2021 11:50:09.01 [4416:10908:1124/115008.998:ERROR:token_service_table.cc(139)] Failed to decrypt token for service AccountId-0003000019BB576C
Nov 24, 2021 11:50:09.150 [4416:10908:1124/115008.998:ERROR:database.cc(1799)] Web SQLite error: code 1 errno 0: no such column: creator_unique_id sql: SELECT guid, creator_unique_id, device_model, created_date, creation_source FROM autofill_profile_edge_extended WHERE guid=? LIMIT 1
Nov 24, 2021 11:50:09.151 [4416:10908:1124/115008.999:ERROR:database.cc(1799)] Web SQLite error: code 1 errno 0: no such column: creator_unique_id sql: SELECT guid, creator_unique_id, device_model, created_date, creation_source FROM autofill_profile_edge_extended WHERE guid=? LIMIT 1
Nov 24, 2021 11:50:09.152 [4416:10908:1124/115008.999:ERROR:database.cc(1799)] Web SQLite error: code 1 errno 0: no such column: creator_unique_id sql: SELECT guid, creator_unique_id, device_model, created_date, creation_source FROM autofill_profile_edge_extended WHERE guid=? LIMIT 1
Nov 24, 2021 11:50:09.153 [4416:10908:1124/115008.999:ERROR:database.cc(1799)] Web SQLite error: code 1 errno 0: no such column: creator_unique_id sql: SELECT guid, creator_unique_id, device_model, created_date, creation_source FROM autofill_profile_edge_extended WHERE guid=? LIMIT 1
Nov 24, 2021 11:50:09.153 [4416:10908:1124/115008.999:ERROR:database.cc(1799)] Web SQLite error: code 1 errno 0: no such column: creator_unique_id sql: SELECT guid, creator_unique_id, device_model, created_date, creation_source FROM autofill_profile_edge_extended WHERE guid=? LIMIT 1
Nov 24, 2021 11:50:09.154 [4416:10908:1124/115008.999:ERROR:database.cc(1799)] Web SQLite error: code 1 errno 0: no such column: creator_unique_id sql: SELECT guid, creator_unique_id, device_model, created_date, creation_source FROM autofill_profile_edge_extended WHERE guid=? LIMIT 1
Nov 24, 2021 11:50:09.154 [4416:10908:1124/115008.999:ERROR:database.cc(1799)] Web SQLite error: code 1 errno 0: no such column: creator_unique_id sql: SELECT guid, creator_unique_id, device_model, created_date, creation_source FROM autofill_profile_edge_extended WHERE guid=? LIMIT 1
Nov 24, 2021 11:50:09.154 [4416:10908:1124/115009.000:ERROR:database.cc(1799)] Web SQLite error: code 1 errno 0: no such column: creator_unique_id sql: SELECT guid, creator_unique_id, device_model, created_date, creation_source FROM autofill_profile_edge_extended WHERE guid=? LIMIT 1
Nov 24, 2021 11:50:09.155 [4416:10908:1124/115009.000:ERROR:database.cc(1799)] Web SQLite error: code 1 errno 0: no such column: creator_unique_id sql: SELECT guid, creator_unique_id, device_model, created_date, creation_source FROM autofill_profile_edge_extended WHERE guid=? LIMIT 1
Nov 24, 2021 11:50:09.155 [4416:10908:1124/115009.000:ERROR:database.cc(1799)] Web SQLite error: code 1 errno 0: no such column: creator_unique_id sql: SELECT guid, creator_unique_id, device_model, created_date, creation_source FROM autofill_profile_edge_extended WHERE guid=? LIMIT 1
Nov 24, 2021 11:50:09.156 [4416:10908:1124/115009.000:ERROR:database.cc(1799)] Web SQLite error: code 1 errno 0: no such column: creator_unique_id sql: SELECT guid, creator_unique_id, device_model, created_date, creation_source FROM autofill_profile_edge_extended WHERE guid=? LIMIT 1
Nov 24, 2021 11:50:09.156 [4416:10908:1124/115009.000:ERROR:database.cc(1799)] Web SQLite error: code 1 errno 0: no such column: creator_unique_id sql: SELECT guid, creator_unique_id, device_model, created_date, creation_source FROM autofill_profile_edge_extended WHERE guid=? LIMIT 1
Nov 24, 2021 11:50:09.156 [4416:10908:1124/115009.000:ERROR:database.cc(1799)] Web SQLite error: code 1 errno 0: no such column: creator_unique_id sql: SELECT guid, creator_unique_id, device_model, created_date, creation_source FROM autofill_profile_edge_extended WHERE guid=? LIMIT 1
Nov 24, 2021 11:50:09.157 [4416:10908:1124/115009.000:ERROR:database.cc(1799)] Web SQLite error: code 1 errno 0: no such column: creator_unique_id sql: SELECT guid, creator_unique_id, device_model, created_date, creation_source FROM autofill_profile_edge_extended WHERE guid=? LIMIT 1
Nov 24, 2021 11:50:09.157 [4416:10908:1124/115009.000:ERROR:database.cc(1799)] Web SQLite error: code 1 errno 0: no such column: creator_unique_id sql: SELECT guid, creator_unique_id, device_model, created_date, creation_source FROM autofill_profile_edge_extended WHERE guid=? LIMIT 1
Nov 24, 2021 11:50:09.157 [4416:10908:1124/115009.000:ERROR:database.cc(1799)] Web SQLite error: code 1 errno 0: no such column: creator_unique_id sql: SELECT guid, creator_unique_id, device_model, created_date, creation_source FROM autofill_profile_edge_extended WHERE guid=? LIMIT 1
Nov 24, 2021 11:50:09.157 [4416:10908:1124/115009.150:ERROR:database.cc(1799)] Web SQLite error: code 1 errno 0: no such column: creator_unique_id sql: SELECT guid, creator_unique_id, device_model, created_date, creation_source FROM autofill_profile_edge_extended WHERE guid=? LIMIT 1
Nov 24, 2021 11:50:09.158 [4416:10908:1124/115009.151:ERROR:database.cc(1799)] Web SQLite error: code 1 errno 0: no such column: creator_unique_id sql: SELECT guid, creator_unique_id, device_model, created_date, creation_source FROM autofill_profile_edge_extended WHERE guid=? LIMIT 1
Nov 24, 2021 11:50:09.158 [4416:10908:1124/115009.151:ERROR:database.cc(1799)] Web SQLite error: code 1 errno 0: no such column: creator_unique_id sql: SELECT guid, creator_unique_id, device_model, created_date, creation_source FROM autofill_profile_edge_extended WHERE guid=? LIMIT 1
Nov 24, 2021 11:50:09.158 [4416:10908:1124/115009.151:ERROR:database.cc(1799)] Web SQLite error: code 1 errno 0: no such column: creator_unique_id sql: SELECT guid, creator_unique_id, device_model, created_date, creation_source FROM autofill_profile_edge_extended WHERE guid=? LIMIT 1
Nov 24, 2021 11:50:09.159 [4416:10908:1124/115009.151:ERROR:database.cc(1799)] Web SQLite error: code 1 errno 0: no such column: creator_unique_id sql: SELECT guid, creator_unique_id, device_model, created_date, creation_source FROM autofill_profile_edge_extended WHERE guid=? LIMIT 1
Nov 24, 2021 11:50:11.00 [4416:14912:1124/115011.000:ERROR:fallback_task_provider.cc(118)] Every renderer should have at least one task provided by a primary task provider. If a fallback task is shown, it is a bug. Please file a new bug and tag it as a dependency of crbug.com/739782.
Nov 24, 2021 11:50:11.01 [4416:14912:1124/115011.000:ERROR:fallback_task_provider.cc(118)] Every renderer should have at least one task provided by a primary task provider. If a fallback task is shown, it is a bug. Please file a new bug and tag it as a dependency of crbug.com/739782.
Nov 24, 2021 11:50:13.138 [4416:12388:1124/115013.138:ERROR:chrome_browser_main_extra_parts_metrics.cc(248)] crbug.com/1216328: Checking default browser status started. Please report if there is no report that this ends.
Nov 24, 2021 11:50:13.139 [4416:12388:1124/115013.138:ERROR:chrome_browser_main_extra_parts_metrics.cc(252)] crbug.com/1216328: Checking default browser status ended.
Nov 24, 2021 11:50:13.179 [4416:14912:1124/115013.178:ERROR:device_event_log_impl.cc(214)] [11:50:13.177] USB: usb_device_handle_win.cc:1048 Failed to read descriptor from node connection: A device attached to the system is not functioning. (0x1F)
Nov 24, 2021 12:07:58.418 [4416:14912:1124/120758.418:ERROR:device_event_log_impl.cc(214)] [12:07:58.418] USB: usb_service_win.cc:261 Failed to get device driver name: Element not found. (0x490)
